Assembler report for BUXMUX1
Sat Oct 16 19:05:17 2021
Quartus Prime Version 18.1.0 Build 625 09/12/2018 SJ Lite Edition


---------------------
; Table of Contents ;
---------------------
  1. Legal Notice
  2. Assembler Summary
  3. Assembler Settings
  4. Assembler Generated Files
  5. Assembler Device Options: D:/Cairo University/Faculty of Engineering/Computer Engineering Department/Second Year/First Term/Microprocessors/Labs/Lab1_ALU/output_files/BUXMUX1.sof
  6. Assembler Messages



----------------
; Legal Notice ;
----------------
Copyright (C) 2018  Intel Corporation. All rights reserved.
Your use of Intel Corporation's design tools, logic functions 
and other software and tools, and its AMPP partner logic 
functions, and any output files from any of the foregoing 
(including device programming or simulation files), and any 
associated documentation or information are expressly subject 
to the terms and conditions of the Intel Program License 
Subscription Agreement, the Intel Quartus Prime License Agreement,
the Intel FPGA IP License Agreement, or other applicable license
agreement, including, without limitation, that your use is for
the sole purpose of programming logic devices manufactured by
Intel and sold by Intel or its authorized distributors.  Please
refer to the applicable agreement for further details.



+---------------------------------------------------------------+
; Assembler Summary                                             ;
+-----------------------+---------------------------------------+
; Assembler Status      ; Successful - Sat Oct 16 19:05:17 2021 ;
; Revision Name         ; BUXMUX1                               ;
; Top-level Entity Name ; BUXMUX1                               ;
; Family                ; Cyclone V                             ;
; Device                ; 5CGXFC7C6U19A7                        ;
+-----------------------+---------------------------------------+


+----------------------------------+
; Assembler Settings               ;
+--------+---------+---------------+
; Option ; Setting ; Default Value ;
+--------+---------+---------------+


+----------------------------------------------------------------------------------------------------------------------------------------------------------+
; Assembler Generated Files                                                                                                                                ;
+----------------------------------------------------------------------------------------------------------------------------------------------------------+
; File Name                                                                                                                                                ;
+----------------------------------------------------------------------------------------------------------------------------------------------------------+
; D:/Cairo University/Faculty of Engineering/Computer Engineering Department/Second Year/First Term/Microprocessors/Labs/Lab1_ALU/output_files/BUXMUX1.sof ;
+----------------------------------------------------------------------------------------------------------------------------------------------------------+


+------------------------------------------------------------------------------------------------------------------------------------------------------------------------------------+
; Assembler Device Options: D:/Cairo University/Faculty of Engineering/Computer Engineering Department/Second Year/First Term/Microprocessors/Labs/Lab1_ALU/output_files/BUXMUX1.sof ;
+----------------+-------------------------------------------------------------------------------------------------------------------------------------------------------------------+
; Option         ; Setting                                                                                                                                                           ;
+----------------+-------------------------------------------------------------------------------------------------------------------------------------------------------------------+
; JTAG usercode  ; 0x00EC3CB3                                                                                                                                                        ;
; Checksum       ; 0x00EC3CB3                                                                                                                                                        ;
+----------------+-------------------------------------------------------------------------------------------------------------------------------------------------------------------+


+--------------------+
; Assembler Messages ;
+--------------------+
Info: *******************************************************************
Info: Running Quartus Prime Assembler
    Info: Version 18.1.0 Build 625 09/12/2018 SJ Lite Edition
    Info: Processing started: Sat Oct 16 19:05:05 2021
Info: Command: quartus_asm --read_settings_files=off --write_settings_files=off BUXMUX1 -c BUXMUX1
Warning (18236): Number of processors has not been specified which may cause overloading on shared machines.  Set the global assignment NUM_PARALLEL_PROCESSORS in your QSF to an appropriate value for best performance.
Info (115030): Assembler is generating device programming files
Info: Quartus Prime Assembler was successful. 0 errors, 1 warning
    Info: Peak virtual memory: 4818 megabytes
    Info: Processing ended: Sat Oct 16 19:05:17 2021
    Info: Elapsed time: 00:00:12
    Info: Total CPU time (on all processors): 00:00:12


